<?xml version="1.0" encoding="UTF-8"?>
<!-- Generated by org.testng.reporters.JUnitReportReporter -->
<testsuite hostname="DESKTOP-M4BKM5J" failures="0" tests="1" name="post_Book" time="1.669" errors="0" timestamp="2024-07-10T16:07:15 CST" skipped="0">
  <testcase classname="post_Book" name="postBookToUser" time="1.669"/>
</testsuite> <!-- post_Book -->
