<?xml version="1.0" encoding="UTF-8"?>
<!-- Generated by org.testng.reporters.JUnitReportReporter -->
<testsuite hostname="DESKTOP-M4BKM5J" failures="0" tests="1" name="dataDrivenTest.AddNewEmployee" time="1.702" errors="0" timestamp="2024-07-11T00:38:08 CST" skipped="0">
  <testcase classname="dataDrivenTest.AddNewEmployee" name="addEmployee" time="1.702"/>
</testsuite> <!-- dataDrivenTest.AddNewEmployee -->
