<?xml version="1.0" encoding="UTF-8"?>
<!-- Generated by org.testng.reporters.JUnitReportReporter -->
<testsuite hostname="DESKTOP-M4BKM5J" failures="0" tests="1" name="Demo1_GET_Request" time="1.760" errors="0" timestamp="2024-07-10T14:28:52 CST" skipped="0">
  <testcase classname="Demo1_GET_Request" name="getaccountUser" time="1.760"/>
</testsuite> <!-- Demo1_GET_Request -->
