<?xml version="1.0" encoding="UTF-8"?>
<!-- Generated by org.testng.reporters.JUnitReportReporter -->
<testsuite hostname="DESKTOP-M4BKM5J" failures="0" tests="1" name="BookTest.post_Book" time="0.409" errors="0" timestamp="2024-07-11T02:25:03 CST" skipped="0">
  <testcase classname="BookTest.post_Book" name="postBookToUser" time="0.409"/>
</testsuite> <!-- BookTest.post_Book -->
