<?xml version="1.0" encoding="UTF-8"?>
<!-- Generated by org.testng.reporters.JUnitReportReporter -->
<testsuite hostname="DESKTOP-M4BKM5J" failures="0" tests="1" name="BookTest.Validate_header" time="0.368" errors="0" timestamp="2024-07-11T02:25:03 CST" skipped="0">
  <testcase classname="BookTest.Validate_header" name="verifyHeaders" time="0.368"/>
</testsuite> <!-- BookTest.Validate_header -->
