<?xml version="1.0" encoding="UTF-8"?>
<!-- Generated by org.testng.reporters.JUnitReportReporter -->
<testsuite hostname="DESKTOP-M4BKM5J" failures="0" tests="1" name="get_Book" time="1.708" errors="0" timestamp="2024-07-10T16:32:06 CST" skipped="0">
  <testcase classname="get_Book" name="getBooks" time="1.708"/>
</testsuite> <!-- get_Book -->
