<?xml version="1.0" encoding="UTF-8"?>
<!-- Generated by org.testng.reporters.JUnitReportReporter -->
<testsuite hostname="DESKTOP-M4BKM5J" failures="0" tests="1" name="BookTest.Print_All_Headers" time="0.381" errors="0" timestamp="2024-07-11T02:25:03 CST" skipped="0">
  <testcase classname="BookTest.Print_All_Headers" name="printHeaders" time="0.381"/>
</testsuite> <!-- BookTest.Print_All_Headers -->
