<?xml version="1.0" encoding="UTF-8"?>
<!-- Generated by org.testng.reporters.JUnitReportReporter -->
<testsuite hostname="DESKTOP-M4BKM5J" failures="0" tests="1" name="GET_Validating_JSON_Response" time="2.261" errors="0" timestamp="2024-07-10T19:26:33 CST" skipped="0">
  <testcase classname="GET_Validating_JSON_Response" name="getResponseBody" time="2.261"/>
</testsuite> <!-- GET_Validating_JSON_Response -->
