<?xml version="1.0" encoding="UTF-8"?>
<!-- Generated by org.testng.reporters.JUnitReportReporter -->
<testsuite hostname="DESKTOP-M4BKM5J" failures="0" tests="1" name="BookTest.GET_Validating_JSON_Response" time="0.942" errors="0" timestamp="2024-07-11T02:25:03 CST" skipped="0">
  <testcase classname="BookTest.GET_Validating_JSON_Response" name="getResponseBody" time="0.942"/>
</testsuite> <!-- BookTest.GET_Validating_JSON_Response -->
