<?xml version="1.0" encoding="UTF-8"?>
<!-- Generated by org.testng.reporters.JUnitReportReporter -->
<testsuite hostname="DESKTOP-M4BKM5J" failures="0" tests="1" name="Print_All_Headers" time="1.893" errors="0" timestamp="2024-07-10T18:32:15 CST" skipped="0">
  <testcase classname="Print_All_Headers" name="printHeaders" time="1.893"/>
</testsuite> <!-- Print_All_Headers -->
