<?xml version="1.0" encoding="UTF-8"?>
<!-- Generated by org.testng.reporters.JUnitReportReporter -->
<testsuite hostname="DESKTOP-M4BKM5J" failures="0" tests="6" name="employeeTestCase.getAllEmployees" time="21.603" errors="0" timestamp="2024-07-11T02:25:03 CST" skipped="0">
  <testcase classname="employeeTestCase.getAllEmployees" name="checkResponseBody" time="3.677"/>
  <testcase classname="employeeTestCase.getAllEmployees" name="checkStatusCode" time="3.672"/>
  <testcase classname="employeeTestCase.getAllEmployees" name="checkResponseTime" time="3.528"/>
  <testcase classname="employeeTestCase.getAllEmployees" name="checkStatusLine" time="3.535"/>
  <testcase classname="employeeTestCase.getAllEmployees" name="checkContentType" time="3.626"/>
  <testcase classname="employeeTestCase.getAllEmployees" name="checkServerType" time="3.565"/>
</testsuite> <!-- employeeTestCase.getAllEmployees -->
